********************************************************************************
DUPLICATOR-LITE PACKAGE-LOG: 2 August, 2022 10:27 am
NOTICE: Do NOT post to public sites or forums 
********************************************************************************
VERSION:	1.4.7
WORDPRESS:	6.0.1
PHP INFO:	8.1.6 | SAPI: apache2handler
SERVER:		Apache/2.4.53 (Win64) OpenSSL/1.1.1n PHP/8.1.6 
PHP TIME LIMIT: (0) no time limit imposed 
PHP MAX MEMORY: 4294967296 (512M default) 
MEMORY STACK: 70MB

********************************************************************************
DATABASE:
********************************************************************************
BUILD MODE:   MYSQLDUMP
MYSQLTIMEOUT: 5000
MYSQLDUMP:    Is Supported
SQL CREATED: 20220802_halongviet_9b0c27e4bc596f5b5409_20220802102729_database.sql
SQL FILE SIZE: 1.13MB (1182156)
SQL FILE TIME: 2022-08-02 10:27:48
SQL RUNTIME: 2.71 sec.

********************************************************************************
ARCHIVE (ZIP):
********************************************************************************
ARCHIVE DIR:  C:/xampp/htdocs/HaLongViet
ARCHIVE FILE: 20220802_halongviet_9b0c27e4bc596f5b5409_20220802102729_archive.zip
FILTERS: *OFF*
DIRS:
	not set
FILES:
	not set
EXTS:  not set
----------------------------------------
COMPRESSING
SIZE:	162.4MB
STATS:	Dirs 1,476 | Files 8,920
SQL ADDED: 20220802_halongviet_9b0c27e4bc596f5b5409_20220802102729_database.sql
ZipArchive Object
(
    [lastId] => 10395
    [status] => 0
    [statusSys] => 0
    [numFiles] => 10396
    [filename] => C:\xampp\htdocs\HaLongViet\wp-content\backups-dup-lite\tmp\20220802_halongviet_9b0c27e4bc596f5b5409_20220802102729_archive.zip
    [comment] => 
)

FILE ADDED TO ZIP: 10395
COMPRESSION RESULT: '1'
COMPRESSED SIZE: 77.58MB
ARCHIVE RUNTIME: 21.36 sec.
MEMORY STACK: 72MB
building installer
add_extra_files1
add_extra_files2
add_extra_files3
add_extra_files4
Doing archive file check
add_extra_files5
add_extra_files6
add_extra_files8
Successfully opened zip C:/xampp/htdocs/HaLongViet/wp-content/backups-dup-lite/tmp/20220802_halongviet_9b0c27e4bc596f5b5409_20220802102729_archive.zip
Adding enhanced installer files to archive using ZipArchive
Installer files added to archive
Added to archive
After ziparchive close when adding installer

********************************************************************************
INTEGRITY CHECKS:
********************************************************************************
SQL FILE: 1.13MB
INSTALLER FILE: 64.59KB
ARCHIVE FILE: 78.64MB 
EXPECTED FILE/DIRECTORY COUNT: 10,396
ACTUAL FILE/DIRECTORY COUNT: 10,395
ARCHIVE CONSISTENCY TEST: Pass

********************************************************************************
RECORD ID:[1]
TOTAL PROCESS RUNTIME: 26.22 sec.
PEAK PHP MEMORY USED: 76MB
DONE PROCESSING => 20220802_halongviet 2 August, 2022 10:28 am

